<?xml version="1.0" encoding="UTF-8"?>
<testng-results ignored="0" total="1" passed="1" failed="0" skipped="0">
  <reporter-output>
  </reporter-output>
  <suite started-at="2022-10-22T09:50:01 IST" name="Default suite" finished-at="2022-10-22T09:51:22 IST" duration-ms="81671">
    <groups>
    </groups>
    <test started-at="2022-10-22T09:50:01 IST" name="Default test" finished-at="2022-10-22T09:51:22 IST" duration-ms="81671">
      <class name="com.Testclass.LoginTest">
        <test-method is-config="true" signature="setup()[pri:0, instance:com.Testclass.LoginTest@4d154ccd]" started-at="2022-10-22T09:50:01 IST" name="setup" finished-at="2022-10-22T09:50:52 IST" duration-ms="51272" status="PASS">
          <reporter-output>
          </reporter-output>
        </test-method> <!-- setup -->
        <test-method signature="loginTest()[pri:0, instance:com.Testclass.LoginTest@4d154ccd]" started-at="2022-10-22T09:50:53 IST" name="loginTest" finished-at="2022-10-22T09:51:22 IST" duration-ms="29698" status="PASS">
          <reporter-output>
          </reporter-output>
        </test-method> <!-- loginTest -->
        <test-method is-config="true" signature="Teardown()[pri:0, instance:com.Testclass.LoginTest@4d154ccd]" started-at="2022-10-22T09:51:22 IST" name="Teardown" finished-at="2022-10-22T09:51:22 IST" duration-ms="8" status="PASS">
          <reporter-output>
          </reporter-output>
        </test-method> <!-- Teardown -->
      </class> <!-- com.Testclass.LoginTest -->
    </test> <!-- Default test -->
  </suite> <!-- Default suite -->
</testng-results>
